<?xml version="1.0" encoding="UTF-8"?>
<!-- Generated by org.testng.reporters.JUnitReportReporter -->
<testsuite skipped="0" hostname="iFeelSmarts-iMac.local" name="com.qa.TestProject.GeneralScriptingQues_One" tests="1" failures="0" timestamp="24 May 2017 16:54:19 GMT" time="0.000" errors="1">
  <testcase name="reverseEverything" time="0.000" classname="com.qa.TestProject.GeneralScriptingQues_One">
    <error type="org.testng.TestNGException" message="
Cannot inject @Test annotated Method [reverseEverything] with [class java.lang.String].
For more information on native dependency injection please refer to http://testng.org/doc/documentation-main.html#native-dependency-injection">
      <![CDATA[org.testng.TestNGException: 
Cannot inject @Test annotated Method [reverseEverything] with [class java.lang.String].
For more information on native dependency injection please refer to http://testng.org/doc/documentation-main.html#native-dependency-injection
	at org.testng.internal.Parameters.checkParameterTypes(Parameters.java:245)
	at org.testng.internal.Parameters.createParameters(Parameters.java:173)
	at org.testng.internal.Parameters.createParameters(Parameters.java:459)
	at org.testng.internal.Parameters.handleParameters(Parameters.java:570)
	at org.testng.internal.Invoker.handleParameters(Invoker.java:1307)
	at org.testng.internal.Invoker.createParameters(Invoker.java:1036)
	at org.testng.internal.Invoker.invokeTestMethods(Invoker.java:1126)
	at org.testng.internal.TestMethodWorker.invokeTestMethods(TestMethodWorker.java:125)
	at org.testng.internal.TestMethodWorker.run(TestMethodWorker.java:110)
	at org.testng.TestRunner.privateRun(TestRunner.java:746)
	at org.testng.TestRunner.run(TestRunner.java:604)
	at org.testng.SuiteRunner.runTest(SuiteRunner.java:380)
	at org.testng.SuiteRunner.runSequentially(SuiteRunner.java:375)
	at org.testng.SuiteRunner.privateRun(SuiteRunner.java:340)
	at org.testng.SuiteRunner.run(SuiteRunner.java:289)
	at org.testng.SuiteRunnerWorker.runSuite(SuiteRunnerWorker.java:52)
	at org.testng.SuiteRunnerWorker.run(SuiteRunnerWorker.java:86)
	at org.testng.TestNG.runSuitesSequentially(TestNG.java:1314)
	at org.testng.TestNG.runSuitesLocally(TestNG.java:1239)
	at org.testng.TestNG.runSuites(TestNG.java:1157)
	at org.testng.TestNG.run(TestNG.java:1128)
	at org.testng.remote.AbstractRemoteTestNG.run(AbstractRemoteTestNG.java:114)
	at org.testng.remote.RemoteTestNG.initAndRun(RemoteTestNG.java:230)
	at org.testng.remote.RemoteTestNG.main(RemoteTestNG.java:76)
]]>
    </error>
  </testcase> <!-- reverseEverything -->
</testsuite> <!-- com.qa.TestProject.GeneralScriptingQues_One -->
